# JRE version: Java(TM) SE Runtime Environment (17.0.4.1+1) (build 17.0.4.1+1-LTS-2)
# Java VM: Java HotSpot(TM) 64-Bit Server VM (17.0.4.1+1-LTS-2, mixed mode, sharing, tiered, compressed oops, compressed class ptrs, g1 gc, windows-amd64)
GC Precious Log:
 CPUs: 4 total, 4 available
 Memory: 4000M
 Large Page Support: Disabled
 NUMA Support: Disabled
 Compressed Oops: Enabled (32-bit)
 Heap Region Size: 1M
 Heap Min Capacity: 8M
 Heap Initial Capacity: 64M
 Heap Max Capacity: 1002M
 Pre-touch: Disabled
 Parallel Workers: 4
 Concurrent Workers: 1
 Concurrent Refinement Workers: 4
 Periodic GC: Disabled
Heap:
 garbage-first heap   total 48128K, used 33886K [0x00000000c1600000, 0x0000000100000000)
  region size 1024K, 14 young (14336K), 3 survivors (3072K)
 Metaspace       used 55858K, committed 56192K, reserved 1105920K
  class space    used 7334K, committed 7488K, reserved 1048576K
GC Heap History (20 events):
Event: 19.295 GC heap before
{Heap before GC invocations=8 (full 0):
 garbage-first heap   total 48128K, used 32563K [0x00000000c1600000, 0x0000000100000000)
  region size 1024K, 22 young (22528K), 4 survivors (4096K)
 Metaspace       used 29938K, committed 30208K, reserved 1081344K
  class space    used 3730K, committed 3904K, reserved 1048576K
}
Event: 19.306 GC heap after
{Heap after GC invocations=9 (full 0):
 garbage-first heap   total 48128K, used 16078K [0x00000000c1600000, 0x0000000100000000)
  region size 1024K, 2 young (2048K), 2 survivors (2048K)
 Metaspace       used 29938K, committed 30208K, reserved 1081344K
  class space    used 3730K, committed 3904K, reserved 1048576K
}
Event: 20.955 GC heap before
{Heap before GC invocations=9 (full 0):
 garbage-first heap   total 48128K, used 34510K [0x00000000c1600000, 0x0000000100000000)
  region size 1024K, 20 young (20480K), 2 survivors (2048K)
 Metaspace       used 34211K, committed 34560K, reserved 1081344K
  class space    used 4438K, committed 4608K, reserved 1048576K
}
Event: 20.964 GC heap after
{Heap after GC invocations=10 (full 0):
 garbage-first heap   total 48128K, used 16923K [0x00000000c1600000, 0x0000000100000000)
  region size 1024K, 2 young (2048K), 2 survivors (2048K)
 Metaspace       used 34211K, committed 34560K, reserved 1081344K
  class space    used 4438K, committed 4608K, reserved 1048576K
}
Event: 21.260 GC heap before
{Heap before GC invocations=10 (full 0):
 garbage-first heap   total 48128K, used 21019K [0x00000000c1600000, 0x0000000100000000)
  region size 1024K, 7 young (7168K), 2 survivors (2048K)
 Metaspace       used 35703K, committed 35968K, reserved 1081344K
  class space    used 4599K, committed 4736K, reserved 1048576K
}
Event: 21.265 GC heap after
{Heap after GC invocations=11 (full 0):
 garbage-first heap   total 48128K, used 17313K [0x00000000c1600000, 0x0000000100000000)
  region size 1024K, 2 young (2048K), 2 survivors (2048K)
 Metaspace       used 35703K, committed 35968K, reserved 1081344K
  class space    used 4599K, committed 4736K, reserved 1048576K
}
Event: 22.872 GC heap before
{Heap before GC invocations=12 (full 0):
 garbage-first heap   total 48128K, used 35745K [0x00000000c1600000, 0x0000000100000000)
  region size 1024K, 20 young (20480K), 2 survivors (2048K)
 Metaspace       used 41229K, committed 41536K, reserved 1089536K
  class space    used 5288K, committed 5440K, reserved 1048576K
}
Event: 22.884 GC heap after
{Heap after GC invocations=13 (full 0):
 garbage-first heap   total 48128K, used 18705K [0x00000000c1600000, 0x0000000100000000)
  region size 1024K, 3 young (3072K), 3 survivors (3072K)
 Metaspace       used 41229K, committed 41536K, reserved 1089536K
  class space    used 5288K, committed 5440K, reserved 1048576K
}
Event: 24.090 GC heap before
{Heap before GC invocations=13 (full 0):
 garbage-first heap   total 48128K, used 35089K [0x00000000c1600000, 0x0000000100000000)
  region size 1024K, 20 young (20480K), 3 survivors (3072K)
 Metaspace       used 43906K, committed 44224K, reserved 1089536K
  class space    used 5636K, committed 5824K, reserved 1048576K
}
Event: 24.099 GC heap after
{Heap after GC invocations=14 (full 0):
 garbage-first heap   total 48128K, used 19445K [0x00000000c1600000, 0x0000000100000000)
  region size 1024K, 3 young (3072K), 3 survivors (3072K)
 Metaspace       used 43906K, committed 44224K, reserved 1089536K
  class space    used 5636K, committed 5824K, reserved 1048576K
}
Event: 25.331 GC heap before
{Heap before GC invocations=14 (full 0):
 garbage-first heap   total 48128K, used 36853K [0x00000000c1600000, 0x0000000100000000)
  region size 1024K, 20 young (20480K), 3 survivors (3072K)
 Metaspace       used 47904K, committed 48256K, reserved 1097728K
  class space    used 6294K, committed 6464K, reserved 1048576K
}
Event: 25.340 GC heap after
{Heap after GC invocations=15 (full 0):
 garbage-first heap   total 48128K, used 20137K [0x00000000c1600000, 0x0000000100000000)
  region size 1024K, 2 young (2048K), 2 survivors (2048K)
 Metaspace       used 47904K, committed 48256K, reserved 1097728K
  class space    used 6294K, committed 6464K, reserved 1048576K
}
Event: 27.027 GC heap before
{Heap before GC invocations=15 (full 0):
 garbage-first heap   total 48128K, used 37545K [0x00000000c1600000, 0x0000000100000000)
  region size 1024K, 19 young (19456K), 2 survivors (2048K)
 Metaspace       used 49230K, committed 49536K, reserved 1097728K
  class space    used 6451K, committed 6592K, reserved 1048576K
}
Event: 27.035 GC heap after
{Heap after GC invocations=16 (full 0):
 garbage-first heap   total 48128K, used 20967K [0x00000000c1600000, 0x0000000100000000)
  region size 1024K, 3 young (3072K), 3 survivors (3072K)
 Metaspace       used 49230K, committed 49536K, reserved 1097728K
  class space    used 6451K, committed 6592K, reserved 1048576K
}
Event: 28.701 GC heap before
{Heap before GC invocations=16 (full 0):
 garbage-first heap   total 48128K, used 37351K [0x00000000c1600000, 0x0000000100000000)
  region size 1024K, 19 young (19456K), 3 survivors (3072K)
 Metaspace       used 51324K, committed 51648K, reserved 1097728K
  class space    used 6713K, committed 6848K, reserved 1048576K
}
Event: 28.710 GC heap after
{Heap after GC invocations=17 (full 0):
 garbage-first heap   total 48128K, used 22254K [0x00000000c1600000, 0x0000000100000000)
  region size 1024K, 3 young (3072K), 3 survivors (3072K)
 Metaspace       used 51324K, committed 51648K, reserved 1097728K
  class space    used 6713K, committed 6848K, reserved 1048576K
}
Event: 29.322 GC heap before
{Heap before GC invocations=17 (full 0):
 garbage-first heap   total 48128K, used 37614K [0x00000000c1600000, 0x0000000100000000)
  region size 1024K, 18 young (18432K), 3 survivors (3072K)
 Metaspace       used 52336K, committed 52672K, reserved 1097728K
  class space    used 6864K, committed 7040K, reserved 1048576K
}
Event: 29.330 GC heap after
{Heap after GC invocations=18 (full 0):
 garbage-first heap   total 48128K, used 23150K [0x00000000c1600000, 0x0000000100000000)
  region size 1024K, 3 young (3072K), 3 survivors (3072K)
 Metaspace       used 52336K, committed 52672K, reserved 1097728K
  class space    used 6864K, committed 7040K, reserved 1048576K
}
Event: 30.208 GC heap before
{Heap before GC invocations=18 (full 0):
 garbage-first heap   total 48128K, used 36462K [0x00000000c1600000, 0x0000000100000000)
  region size 1024K, 17 young (17408K), 3 survivors (3072K)
 Metaspace       used 54123K, committed 54464K, reserved 1097728K
  class space    used 7102K, committed 7232K, reserved 1048576K
}
Event: 30.217 GC heap after
{Heap after GC invocations=19 (full 0):
 garbage-first heap   total 48128K, used 24670K [0x00000000c1600000, 0x0000000100000000)
  region size 1024K, 3 young (3072K), 3 survivors (3072K)
 Metaspace       used 54123K, committed 54464K, reserved 1097728K
  class space    used 7102K, committed 7232K, reserved 1048576K
}

